[2022-01-11 20:11:19,091][DEBUG][com.zaxxer.hikari.HikariConfig] HikariPool-1 - configuration:
[2022-01-11 20:11:19,092][DEBUG][com.zaxxer.hikari.HikariConfig] allowPoolSuspension.............false
[2022-01-11 20:11:19,092][DEBUG][com.zaxxer.hikari.HikariConfig] autoCommit......................true
[2022-01-11 20:11:19,092][DEBUG][com.zaxxer.hikari.HikariConfig] catalog.........................none
[2022-01-11 20:11:19,092][DEBUG][com.zaxxer.hikari.HikariConfig] connectionInitSql...............none
[2022-01-11 20:11:19,092][DEBUG][com.zaxxer.hikari.HikariConfig] connectionTestQuery.............none
[2022-01-11 20:11:19,092][DEBUG][com.zaxxer.hikari.HikariConfig] connectionTimeout...............30000
[2022-01-11 20:11:19,092][DEBUG][com.zaxxer.hikari.HikariConfig] dataSource......................none
[2022-01-11 20:11:19,092][DEBUG][com.zaxxer.hikari.HikariConfig] dataSourceClassName.............none
[2022-01-11 20:11:19,092][DEBUG][com.zaxxer.hikari.HikariConfig] dataSourceJNDI..................none
[2022-01-11 20:11:19,092][DEBUG][com.zaxxer.hikari.HikariConfig] dataSourceProperties............{password=<masked>}
[2022-01-11 20:11:19,092][DEBUG][com.zaxxer.hikari.HikariConfig] driverClassName.................none
[2022-01-11 20:11:19,092][DEBUG][com.zaxxer.hikari.HikariConfig] healthCheckProperties...........{}
[2022-01-11 20:11:19,092][DEBUG][com.zaxxer.hikari.HikariConfig] healthCheckRegistry.............none
[2022-01-11 20:11:19,092][DEBUG][com.zaxxer.hikari.HikariConfig] idleTimeout.....................600000
[2022-01-11 20:11:19,092][DEBUG][com.zaxxer.hikari.HikariConfig] initializationFailTimeout.......1
[2022-01-11 20:11:19,092][DEBUG][com.zaxxer.hikari.HikariConfig] isolateInternalQueries..........false
[2022-01-11 20:11:19,092][DEBUG][com.zaxxer.hikari.HikariConfig] jdbcUrl.........................jdbc:postgresql://localhost/postgres?user=postgres&password=<masked>
[2022-01-11 20:11:19,092][DEBUG][com.zaxxer.hikari.HikariConfig] leakDetectionThreshold..........0
[2022-01-11 20:11:19,092][DEBUG][com.zaxxer.hikari.HikariConfig] maxLifetime.....................1800000
[2022-01-11 20:11:19,092][DEBUG][com.zaxxer.hikari.HikariConfig] maximumPoolSize.................10
[2022-01-11 20:11:19,092][DEBUG][com.zaxxer.hikari.HikariConfig] metricRegistry..................none
[2022-01-11 20:11:19,092][DEBUG][com.zaxxer.hikari.HikariConfig] metricsTrackerFactory...........none
[2022-01-11 20:11:19,092][DEBUG][com.zaxxer.hikari.HikariConfig] minimumIdle.....................10
[2022-01-11 20:11:19,092][DEBUG][com.zaxxer.hikari.HikariConfig] password........................<masked>
[2022-01-11 20:11:19,092][DEBUG][com.zaxxer.hikari.HikariConfig] poolName........................"HikariPool-1"
[2022-01-11 20:11:19,092][DEBUG][com.zaxxer.hikari.HikariConfig] readOnly........................false
[2022-01-11 20:11:19,092][DEBUG][com.zaxxer.hikari.HikariConfig] registerMbeans..................false
[2022-01-11 20:11:19,092][DEBUG][com.zaxxer.hikari.HikariConfig] scheduledExecutor...............none
[2022-01-11 20:11:19,092][DEBUG][com.zaxxer.hikari.HikariConfig] schema..........................none
[2022-01-11 20:11:19,092][DEBUG][com.zaxxer.hikari.HikariConfig] threadFactory...................internal
[2022-01-11 20:11:19,092][DEBUG][com.zaxxer.hikari.HikariConfig] transactionIsolation............default
[2022-01-11 20:11:19,092][DEBUG][com.zaxxer.hikari.HikariConfig] username........................none
[2022-01-11 20:11:19,092][DEBUG][com.zaxxer.hikari.HikariConfig] validationTimeout...............5000
[2022-01-11 20:11:19,093][INFO][com.zaxxer.hikari.HikariDataSource] HikariPool-1 - Starting...
[2022-01-11 20:13:08,484][DEBUG][com.zaxxer.hikari.HikariConfig] HikariPool-2 - configuration:
[2022-01-11 20:13:08,484][DEBUG][com.zaxxer.hikari.HikariConfig] allowPoolSuspension.............false
[2022-01-11 20:13:08,484][DEBUG][com.zaxxer.hikari.HikariConfig] autoCommit......................true
[2022-01-11 20:13:08,484][DEBUG][com.zaxxer.hikari.HikariConfig] catalog.........................none
[2022-01-11 20:13:08,484][DEBUG][com.zaxxer.hikari.HikariConfig] connectionInitSql...............none
[2022-01-11 20:13:08,484][DEBUG][com.zaxxer.hikari.HikariConfig] connectionTestQuery.............none
[2022-01-11 20:13:08,484][DEBUG][com.zaxxer.hikari.HikariConfig] connectionTimeout...............30000
[2022-01-11 20:13:08,484][DEBUG][com.zaxxer.hikari.HikariConfig] dataSource......................none
[2022-01-11 20:13:08,484][DEBUG][com.zaxxer.hikari.HikariConfig] dataSourceClassName.............none
[2022-01-11 20:13:08,484][DEBUG][com.zaxxer.hikari.HikariConfig] dataSourceJNDI..................none
[2022-01-11 20:13:08,484][DEBUG][com.zaxxer.hikari.HikariConfig] dataSourceProperties............{password=<masked>}
[2022-01-11 20:13:08,484][DEBUG][com.zaxxer.hikari.HikariConfig] driverClassName.................none
[2022-01-11 20:13:08,484][DEBUG][com.zaxxer.hikari.HikariConfig] healthCheckProperties...........{}
[2022-01-11 20:13:08,484][DEBUG][com.zaxxer.hikari.HikariConfig] healthCheckRegistry.............none
[2022-01-11 20:13:08,484][DEBUG][com.zaxxer.hikari.HikariConfig] idleTimeout.....................600000
[2022-01-11 20:13:08,484][DEBUG][com.zaxxer.hikari.HikariConfig] initializationFailTimeout.......1
[2022-01-11 20:13:08,484][DEBUG][com.zaxxer.hikari.HikariConfig] isolateInternalQueries..........false
[2022-01-11 20:13:08,484][DEBUG][com.zaxxer.hikari.HikariConfig] jdbcUrl.........................jdbc:postgresql://localhost/postgres?user=postgres&password=<masked>
[2022-01-11 20:13:08,484][DEBUG][com.zaxxer.hikari.HikariConfig] leakDetectionThreshold..........0
[2022-01-11 20:13:08,484][DEBUG][com.zaxxer.hikari.HikariConfig] maxLifetime.....................1800000
[2022-01-11 20:13:08,484][DEBUG][com.zaxxer.hikari.HikariConfig] maximumPoolSize.................10
[2022-01-11 20:13:08,484][DEBUG][com.zaxxer.hikari.HikariConfig] metricRegistry..................none
[2022-01-11 20:13:08,484][DEBUG][com.zaxxer.hikari.HikariConfig] metricsTrackerFactory...........none
[2022-01-11 20:13:08,484][DEBUG][com.zaxxer.hikari.HikariConfig] minimumIdle.....................10
[2022-01-11 20:13:08,484][DEBUG][com.zaxxer.hikari.HikariConfig] password........................<masked>
[2022-01-11 20:13:08,484][DEBUG][com.zaxxer.hikari.HikariConfig] poolName........................"HikariPool-2"
[2022-01-11 20:13:08,484][DEBUG][com.zaxxer.hikari.HikariConfig] readOnly........................false
[2022-01-11 20:13:08,484][DEBUG][com.zaxxer.hikari.HikariConfig] registerMbeans..................false
[2022-01-11 20:13:08,484][DEBUG][com.zaxxer.hikari.HikariConfig] scheduledExecutor...............none
[2022-01-11 20:13:08,484][DEBUG][com.zaxxer.hikari.HikariConfig] schema..........................none
[2022-01-11 20:13:08,484][DEBUG][com.zaxxer.hikari.HikariConfig] threadFactory...................internal
[2022-01-11 20:13:08,484][DEBUG][com.zaxxer.hikari.HikariConfig] transactionIsolation............default
[2022-01-11 20:13:08,484][DEBUG][com.zaxxer.hikari.HikariConfig] username........................none
[2022-01-11 20:13:08,484][DEBUG][com.zaxxer.hikari.HikariConfig] validationTimeout...............5000
[2022-01-11 20:13:08,484][INFO][com.zaxxer.hikari.HikariDataSource] HikariPool-2 - Starting...
[2022-01-11 20:13:26,166][DEBUG][com.zaxxer.hikari.HikariConfig] HikariPool-1 - configuration:
[2022-01-11 20:13:26,166][DEBUG][com.zaxxer.hikari.HikariConfig] allowPoolSuspension.............false
[2022-01-11 20:13:26,166][DEBUG][com.zaxxer.hikari.HikariConfig] autoCommit......................true
[2022-01-11 20:13:26,166][DEBUG][com.zaxxer.hikari.HikariConfig] catalog.........................none
[2022-01-11 20:13:26,166][DEBUG][com.zaxxer.hikari.HikariConfig] connectionInitSql...............none
[2022-01-11 20:13:26,166][DEBUG][com.zaxxer.hikari.HikariConfig] connectionTestQuery.............none
[2022-01-11 20:13:26,166][DEBUG][com.zaxxer.hikari.HikariConfig] connectionTimeout...............30000
[2022-01-11 20:13:26,166][DEBUG][com.zaxxer.hikari.HikariConfig] dataSource......................none
[2022-01-11 20:13:26,166][DEBUG][com.zaxxer.hikari.HikariConfig] dataSourceClassName.............none
[2022-01-11 20:13:26,166][DEBUG][com.zaxxer.hikari.HikariConfig] dataSourceJNDI..................none
[2022-01-11 20:13:26,167][DEBUG][com.zaxxer.hikari.HikariConfig] dataSourceProperties............{password=<masked>}
[2022-01-11 20:13:26,167][DEBUG][com.zaxxer.hikari.HikariConfig] driverClassName.................none
[2022-01-11 20:13:26,167][DEBUG][com.zaxxer.hikari.HikariConfig] healthCheckProperties...........{}
[2022-01-11 20:13:26,167][DEBUG][com.zaxxer.hikari.HikariConfig] healthCheckRegistry.............none
[2022-01-11 20:13:26,167][DEBUG][com.zaxxer.hikari.HikariConfig] idleTimeout.....................600000
[2022-01-11 20:13:26,167][DEBUG][com.zaxxer.hikari.HikariConfig] initializationFailTimeout.......1
[2022-01-11 20:13:26,167][DEBUG][com.zaxxer.hikari.HikariConfig] isolateInternalQueries..........false
[2022-01-11 20:13:26,167][DEBUG][com.zaxxer.hikari.HikariConfig] jdbcUrl.........................jdbc:postgresql://localhost/postgres?user=postgres&password=<masked>
[2022-01-11 20:13:26,167][DEBUG][com.zaxxer.hikari.HikariConfig] leakDetectionThreshold..........0
[2022-01-11 20:13:26,167][DEBUG][com.zaxxer.hikari.HikariConfig] maxLifetime.....................1800000
[2022-01-11 20:13:26,167][DEBUG][com.zaxxer.hikari.HikariConfig] maximumPoolSize.................10
[2022-01-11 20:13:26,167][DEBUG][com.zaxxer.hikari.HikariConfig] metricRegistry..................none
[2022-01-11 20:13:26,167][DEBUG][com.zaxxer.hikari.HikariConfig] metricsTrackerFactory...........none
[2022-01-11 20:13:26,167][DEBUG][com.zaxxer.hikari.HikariConfig] minimumIdle.....................10
[2022-01-11 20:13:26,167][DEBUG][com.zaxxer.hikari.HikariConfig] password........................<masked>
[2022-01-11 20:13:26,167][DEBUG][com.zaxxer.hikari.HikariConfig] poolName........................"HikariPool-1"
[2022-01-11 20:13:26,167][DEBUG][com.zaxxer.hikari.HikariConfig] readOnly........................false
[2022-01-11 20:13:26,167][DEBUG][com.zaxxer.hikari.HikariConfig] registerMbeans..................false
[2022-01-11 20:13:26,167][DEBUG][com.zaxxer.hikari.HikariConfig] scheduledExecutor...............none
[2022-01-11 20:13:26,167][DEBUG][com.zaxxer.hikari.HikariConfig] schema..........................none
[2022-01-11 20:13:26,167][DEBUG][com.zaxxer.hikari.HikariConfig] threadFactory...................internal
[2022-01-11 20:13:26,167][DEBUG][com.zaxxer.hikari.HikariConfig] transactionIsolation............default
[2022-01-11 20:13:26,167][DEBUG][com.zaxxer.hikari.HikariConfig] username........................none
[2022-01-11 20:13:26,167][DEBUG][com.zaxxer.hikari.HikariConfig] validationTimeout...............5000
[2022-01-11 20:13:26,168][INFO][com.zaxxer.hikari.HikariDataSource] HikariPool-1 - Starting...
[2022-01-11 20:14:25,843][DEBUG][com.zaxxer.hikari.HikariConfig] HikariPool-1 - configuration:
[2022-01-11 20:14:25,844][DEBUG][com.zaxxer.hikari.HikariConfig] allowPoolSuspension.............false
[2022-01-11 20:14:25,844][DEBUG][com.zaxxer.hikari.HikariConfig] autoCommit......................true
[2022-01-11 20:14:25,844][DEBUG][com.zaxxer.hikari.HikariConfig] catalog.........................none
[2022-01-11 20:14:25,844][DEBUG][com.zaxxer.hikari.HikariConfig] connectionInitSql...............none
[2022-01-11 20:14:25,844][DEBUG][com.zaxxer.hikari.HikariConfig] connectionTestQuery.............none
[2022-01-11 20:14:25,844][DEBUG][com.zaxxer.hikari.HikariConfig] connectionTimeout...............30000
[2022-01-11 20:14:25,844][DEBUG][com.zaxxer.hikari.HikariConfig] dataSource......................none
[2022-01-11 20:14:25,844][DEBUG][com.zaxxer.hikari.HikariConfig] dataSourceClassName.............none
[2022-01-11 20:14:25,844][DEBUG][com.zaxxer.hikari.HikariConfig] dataSourceJNDI..................none
[2022-01-11 20:14:25,845][DEBUG][com.zaxxer.hikari.HikariConfig] dataSourceProperties............{password=<masked>}
[2022-01-11 20:14:25,845][DEBUG][com.zaxxer.hikari.HikariConfig] driverClassName.................none
[2022-01-11 20:14:25,845][DEBUG][com.zaxxer.hikari.HikariConfig] healthCheckProperties...........{}
[2022-01-11 20:14:25,845][DEBUG][com.zaxxer.hikari.HikariConfig] healthCheckRegistry.............none
[2022-01-11 20:14:25,845][DEBUG][com.zaxxer.hikari.HikariConfig] idleTimeout.....................600000
[2022-01-11 20:14:25,845][DEBUG][com.zaxxer.hikari.HikariConfig] initializationFailTimeout.......1
[2022-01-11 20:14:25,845][DEBUG][com.zaxxer.hikari.HikariConfig] isolateInternalQueries..........false
[2022-01-11 20:14:25,845][DEBUG][com.zaxxer.hikari.HikariConfig] jdbcUrl.........................jdbc:postgresql://localhost/postgres?user=postgres&password=<masked>
[2022-01-11 20:14:25,845][DEBUG][com.zaxxer.hikari.HikariConfig] leakDetectionThreshold..........0
[2022-01-11 20:14:25,845][DEBUG][com.zaxxer.hikari.HikariConfig] maxLifetime.....................1800000
[2022-01-11 20:14:25,845][DEBUG][com.zaxxer.hikari.HikariConfig] maximumPoolSize.................10
[2022-01-11 20:14:25,845][DEBUG][com.zaxxer.hikari.HikariConfig] metricRegistry..................none
[2022-01-11 20:14:25,845][DEBUG][com.zaxxer.hikari.HikariConfig] metricsTrackerFactory...........none
[2022-01-11 20:14:25,845][DEBUG][com.zaxxer.hikari.HikariConfig] minimumIdle.....................10
[2022-01-11 20:14:25,845][DEBUG][com.zaxxer.hikari.HikariConfig] password........................<masked>
[2022-01-11 20:14:25,845][DEBUG][com.zaxxer.hikari.HikariConfig] poolName........................"HikariPool-1"
[2022-01-11 20:14:25,845][DEBUG][com.zaxxer.hikari.HikariConfig] readOnly........................false
[2022-01-11 20:14:25,845][DEBUG][com.zaxxer.hikari.HikariConfig] registerMbeans..................false
[2022-01-11 20:14:25,845][DEBUG][com.zaxxer.hikari.HikariConfig] scheduledExecutor...............none
[2022-01-11 20:14:25,845][DEBUG][com.zaxxer.hikari.HikariConfig] schema..........................none
[2022-01-11 20:14:25,845][DEBUG][com.zaxxer.hikari.HikariConfig] threadFactory...................internal
[2022-01-11 20:14:25,845][DEBUG][com.zaxxer.hikari.HikariConfig] transactionIsolation............default
[2022-01-11 20:14:25,845][DEBUG][com.zaxxer.hikari.HikariConfig] username........................none
[2022-01-11 20:14:25,845][DEBUG][com.zaxxer.hikari.HikariConfig] validationTimeout...............5000
[2022-01-11 20:14:25,845][INFO][com.zaxxer.hikari.HikariDataSource] HikariPool-1 - Starting...
[2022-01-11 20:17:25,404][DEBUG][com.zaxxer.hikari.HikariConfig] HikariPool-1 - configuration:
[2022-01-11 20:17:25,405][DEBUG][com.zaxxer.hikari.HikariConfig] allowPoolSuspension.............false
[2022-01-11 20:17:25,405][DEBUG][com.zaxxer.hikari.HikariConfig] autoCommit......................true
[2022-01-11 20:17:25,405][DEBUG][com.zaxxer.hikari.HikariConfig] catalog.........................none
[2022-01-11 20:17:25,405][DEBUG][com.zaxxer.hikari.HikariConfig] connectionInitSql...............none
[2022-01-11 20:17:25,405][DEBUG][com.zaxxer.hikari.HikariConfig] connectionTestQuery.............none
[2022-01-11 20:17:25,405][DEBUG][com.zaxxer.hikari.HikariConfig] connectionTimeout...............30000
[2022-01-11 20:17:25,405][DEBUG][com.zaxxer.hikari.HikariConfig] dataSource......................none
[2022-01-11 20:17:25,405][DEBUG][com.zaxxer.hikari.HikariConfig] dataSourceClassName.............none
[2022-01-11 20:17:25,405][DEBUG][com.zaxxer.hikari.HikariConfig] dataSourceJNDI..................none
[2022-01-11 20:17:25,405][DEBUG][com.zaxxer.hikari.HikariConfig] dataSourceProperties............{password=<masked>}
[2022-01-11 20:17:25,405][DEBUG][com.zaxxer.hikari.HikariConfig] driverClassName.................none
[2022-01-11 20:17:25,405][DEBUG][com.zaxxer.hikari.HikariConfig] healthCheckProperties...........{}
[2022-01-11 20:17:25,405][DEBUG][com.zaxxer.hikari.HikariConfig] healthCheckRegistry.............none
[2022-01-11 20:17:25,405][DEBUG][com.zaxxer.hikari.HikariConfig] idleTimeout.....................600000
[2022-01-11 20:17:25,405][DEBUG][com.zaxxer.hikari.HikariConfig] initializationFailTimeout.......1
[2022-01-11 20:17:25,405][DEBUG][com.zaxxer.hikari.HikariConfig] isolateInternalQueries..........false
[2022-01-11 20:17:25,405][DEBUG][com.zaxxer.hikari.HikariConfig] jdbcUrl.........................jdbc:postgresql://localhost/postgres?user=postgres&password=<masked>
[2022-01-11 20:17:25,405][DEBUG][com.zaxxer.hikari.HikariConfig] leakDetectionThreshold..........0
[2022-01-11 20:17:25,405][DEBUG][com.zaxxer.hikari.HikariConfig] maxLifetime.....................1800000
[2022-01-11 20:17:25,405][DEBUG][com.zaxxer.hikari.HikariConfig] maximumPoolSize.................10
[2022-01-11 20:17:25,405][DEBUG][com.zaxxer.hikari.HikariConfig] metricRegistry..................none
[2022-01-11 20:17:25,406][DEBUG][com.zaxxer.hikari.HikariConfig] metricsTrackerFactory...........none
[2022-01-11 20:17:25,406][DEBUG][com.zaxxer.hikari.HikariConfig] minimumIdle.....................10
[2022-01-11 20:17:25,406][DEBUG][com.zaxxer.hikari.HikariConfig] password........................<masked>
[2022-01-11 20:17:25,406][DEBUG][com.zaxxer.hikari.HikariConfig] poolName........................"HikariPool-1"
[2022-01-11 20:17:25,406][DEBUG][com.zaxxer.hikari.HikariConfig] readOnly........................false
[2022-01-11 20:17:25,406][DEBUG][com.zaxxer.hikari.HikariConfig] registerMbeans..................false
[2022-01-11 20:17:25,406][DEBUG][com.zaxxer.hikari.HikariConfig] scheduledExecutor...............none
[2022-01-11 20:17:25,406][DEBUG][com.zaxxer.hikari.HikariConfig] schema..........................none
[2022-01-11 20:17:25,406][DEBUG][com.zaxxer.hikari.HikariConfig] threadFactory...................internal
[2022-01-11 20:17:25,406][DEBUG][com.zaxxer.hikari.HikariConfig] transactionIsolation............default
[2022-01-11 20:17:25,406][DEBUG][com.zaxxer.hikari.HikariConfig] username........................none
[2022-01-11 20:17:25,406][DEBUG][com.zaxxer.hikari.HikariConfig] validationTimeout...............5000
[2022-01-11 20:17:25,406][INFO][com.zaxxer.hikari.HikariDataSource] HikariPool-1 - Starting...
